<?xml version="1.0" encoding="UTF-8"?>
<testng-results ignored="0" total="2" passed="2" failed="0" skipped="0">
  <reporter-output>
  </reporter-output>
  <suite started-at="2024-12-17T00:00:48 EST" name="Default suite" finished-at="2024-12-17T00:01:06 EST" duration-ms="18618">
    <groups>
      <group name="cucumber">
        <method signature="AbstractTestNGCucumberTests.runScenario(io.cucumber.testng.PickleWrapper,io.cucumber.testng.FeatureWrapper)[pri:0, instance:emrahrunner.CucumberTestRunner@131774fe]" name="runScenario" class="io.cucumber.testng.AbstractTestNGCucumberTests"/>
      </group> <!-- cucumber -->
    </groups>
    <test started-at="2024-12-17T00:00:48 EST" name="Default test" finished-at="2024-12-17T00:01:06 EST" duration-ms="18618">
      <class name="emrahrunner.CucumberTestRunner">
        <test-method is-config="true" signature="setUpClass(org.testng.ITestContext)[pri:0, instance:emrahrunner.CucumberTestRunner@131774fe]" started-at="2024-12-17T00:00:48 EST" name="setUpClass" finished-at="2024-12-17T00:00:48 EST" duration-ms="161" status="PASS">
          <params>
            <param index="0">
              <value>
                <![CDATA[org.testng.TestRunner@22e5f96e]]>
              </value>
            </param>
          </params>
          <reporter-output>
          </reporter-output>
        </test-method> <!-- setUpClass -->
        <test-method signature="runScenario(io.cucumber.testng.PickleWrapper,io.cucumber.testng.FeatureWrapper)[pri:0, instance:emrahrunner.CucumberTestRunner@131774fe]" started-at="2024-12-17T00:00:48 EST" name="runScenario" description="Runs Cucumber Scenarios" data-provider="scenarios" finished-at="2024-12-17T00:00:57 EST" duration-ms="9151" status="PASS">
          <params>
            <param index="0">
              <value>
                <![CDATA["Login to hrm website and check the functionality"]]>
              </value>
            </param>
            <param index="1">
              <value>
                <![CDATA["Testing cucumber-testng framework"]]>
              </value>
            </param>
          </params>
          <reporter-output>
          </reporter-output>
        </test-method> <!-- runScenario -->
        <test-method signature="runScenario(io.cucumber.testng.PickleWrapper,io.cucumber.testng.FeatureWrapper)[pri:0, instance:emrahrunner.CucumberTestRunner@131774fe]" started-at="2024-12-17T00:00:57 EST" name="runScenario" description="Runs Cucumber Scenarios" data-provider="scenarios" finished-at="2024-12-17T00:01:06 EST" duration-ms="9284" status="PASS">
          <params>
            <param index="0">
              <value>
                <![CDATA["Login to hrm website and check the functionality"]]>
              </value>
            </param>
            <param index="1">
              <value>
                <![CDATA["Testing cucumber-testng framework"]]>
              </value>
            </param>
          </params>
          <reporter-output>
          </reporter-output>
        </test-method> <!-- runScenario -->
        <test-method is-config="true" signature="tearDownClass()[pri:0, instance:emrahrunner.CucumberTestRunner@131774fe]" started-at="2024-12-17T00:01:06 EST" name="tearDownClass" finished-at="2024-12-17T00:01:06 EST" duration-ms="8" status="PASS">
          <reporter-output>
          </reporter-output>
        </test-method> <!-- tearDownClass -->
      </class> <!-- emrahrunner.CucumberTestRunner -->
    </test> <!-- Default test -->
  </suite> <!-- Default suite -->
</testng-results>
